2026-01-21 22:37:36,799 - __main__ - INFO - ================================================================================
2026-01-21 22:37:36,799 - __main__ - INFO - 🚀 INICIALIZANDO QUANT TRADING SYSTEM
2026-01-21 22:37:36,799 - __main__ - INFO - ================================================================================
2026-01-21 22:37:36,799 - __main__ - INFO - 🔐 Inicializando CredentialVault...
2026-01-21 22:37:37,100 - __main__ - INFO - ✅ CredentialVault listo
2026-01-21 22:37:37,100 - __main__ - INFO - 📊 Inicializando DataManager...
2026-01-21 22:37:37,101 - root - INFO - ✓ Tablas de base de datos creadas/verificadas
2026-01-21 22:37:37,101 - root - INFO - ✓ DataManager inicializado: data/db/market_data.db
2026-01-21 22:37:37,101 - __main__ - INFO - ✅ DataManager listo
2026-01-21 22:37:37,101 - __main__ - INFO - 📥 Inicializando DataIngestion...
2026-01-21 22:37:37,101 - shared.core.data.data_ingestion - INFO - Provider 'mock' added
2026-01-21 22:37:37,101 - shared.core.data.data_ingestion - INFO - DataIngestion initialized
2026-01-21 22:37:37,102 - __main__ - INFO - ✅ DataIngestion listo
2026-01-21 22:37:37,102 - __main__ - INFO - 🎯 Inicializando StrategyEngine...
2026-01-21 22:37:37,102 - __main__ - ERROR - ❌ Error inicializando sistema: 'DataManager' object has no attribute 'get_assets'
2026-01-21 22:37:37,102 - __main__ - ERROR - Traceback completo:
Traceback (most recent call last):
  File "/home/runner/work/mi-proyecto/mi-proyecto/main.py", line 166, in _initialize_system
    assets = self.data_manager.get_assets()
             ^^^^^^^^^^^^^^^^^^^^^^^^^^^^
AttributeError: 'DataManager' object has no attribute 'get_assets'
2026-01-21 22:39:46,247 - __main__ - INFO - ================================================================================
2026-01-21 22:39:46,247 - __main__ - INFO - 🚀 INICIALIZANDO QUANT TRADING SYSTEM
2026-01-21 22:39:46,247 - __main__ - INFO - ================================================================================
2026-01-21 22:39:46,247 - __main__ - INFO - 🔐 Inicializando CredentialVault...
2026-01-21 22:39:46,304 - __main__ - INFO - ✅ CredentialVault listo
2026-01-21 22:39:46,304 - __main__ - INFO - 📊 Inicializando DataManager...
2026-01-21 22:39:46,304 - root - INFO - ✓ Tablas de base de datos creadas/verificadas
2026-01-21 22:39:46,304 - root - INFO - ✓ DataManager inicializado: data/db/market_data.db
2026-01-21 22:39:46,304 - __main__ - INFO - ✅ DataManager listo
2026-01-21 22:39:46,305 - __main__ - INFO - 📥 Inicializando DataIngestion...
2026-01-21 22:39:46,305 - shared.core.data.data_ingestion - INFO - Provider 'mock' added
2026-01-21 22:39:46,305 - shared.core.data.data_ingestion - INFO - DataIngestion initialized
2026-01-21 22:39:46,305 - __main__ - INFO - ✅ DataIngestion listo
2026-01-21 22:39:46,305 - __main__ - INFO - 🎯 Inicializando StrategyEngine...
2026-01-21 22:39:46,305 - shared.core.strategies.strategy_engine - INFO - Estrategia 'TrendFollowing' registrada
2026-01-21 22:39:46,305 - shared.core.strategies.strategy_engine - INFO - Estrategia 'MeanReversion' registrada
2026-01-21 22:39:46,305 - shared.core.strategies.strategy_engine - INFO - Estrategia 'Breakout' registrada
2026-01-21 22:39:46,305 - shared.core.strategies.strategy_engine - INFO - Estrategia 'Momentum' registrada
2026-01-21 22:39:46,305 - shared.core.strategies.strategy_engine - INFO - StrategyEngine inicializado con 3 assets
2026-01-21 22:39:46,305 - __main__ - INFO - ✅ StrategyEngine listo
2026-01-21 22:39:46,305 - __main__ - INFO - 📈 Inicializando MarketRegimeDetector...
2026-01-21 22:39:46,305 - shared.core.analysis.market_regime - INFO - MarketRegimeDetector inicializado
2026-01-21 22:39:46,305 - __main__ - INFO - ✅ MarketRegimeDetector listo
2026-01-21 22:39:46,305 - __main__ - INFO - 🛡️ Inicializando RiskManager...
2026-01-21 22:39:46,305 - shared.core.risk.risk_manager - INFO - RiskManager inicializado con capital: $10,000.00
2026-01-21 22:39:46,306 - __main__ - INFO - ✅ RiskManager listo
2026-01-21 22:39:46,306 - __main__ - INFO - 🧠 Inicializando AdaptiveStrategyManager...
2026-01-21 22:39:46,306 - shared.core.strategies.adaptive_strategy_manager - INFO - AdaptiveStrategyManager inicializado
2026-01-21 22:39:46,306 - __main__ - INFO - ✅ AdaptiveStrategyManager listo
2026-01-21 22:39:46,306 - __main__ - INFO - 🏦 Inicializando Brokers...
2026-01-21 22:39:46,306 - shared.core.brokers.brokers - INFO - Broker MockBroker inicializado
2026-01-21 22:39:46,306 - shared.core.brokers.brokers - INFO - ✅ MockBroker inicializado
2026-01-21 22:39:46,306 - __main__ - INFO - ✅ MockBroker inicializado (Paper Trading)
2026-01-21 22:39:46,306 - shared.core.execution.execution_interface - INFO - ExecutionInterface inicializado en modo paper
2026-01-21 22:39:46,306 - shared.core.execution.execution_interface - INFO - Brokers disponibles: ['MockBroker']
2026-01-21 22:39:46,306 - __main__ - INFO - ✅ Execution Interface listo
2026-01-21 22:39:46,306 - __main__ - INFO - 🤖 Inicializando AI Auditor...
2026-01-21 22:39:46,306 - shared.core.ai.ai_auditor - INFO - AIAuditor inicializado (AI: False)
2026-01-21 22:39:46,306 - __main__ - INFO - ✅ AI Auditor listo
2026-01-21 22:39:46,306 - __main__ - INFO - 📋 Inicializando SystemReporter...
2026-01-21 22:39:46,307 - shared.core.monitoring.system_reporter - INFO - SystemReporter inicializado
2026-01-21 22:39:46,307 - __main__ - INFO - ✅ SystemReporter listo
2026-01-21 22:39:46,307 - __main__ - INFO - ================================================================================
2026-01-21 22:39:46,307 - __main__ - INFO - ✅ SISTEMA COMPLETAMENTE INICIALIZADO
2026-01-21 22:39:46,307 - __main__ - INFO - ================================================================================
2026-01-21 22:39:46,307 - __main__ - INFO - ================================================================================
2026-01-21 22:39:46,307 - __main__ - INFO - 🚀 INICIANDO SISTEMA DE TRADING
2026-01-21 22:39:46,307 - __main__ - INFO - Modo: PAPER
2026-01-21 22:39:46,307 - __main__ - INFO - Capital inicial: $10,000.00
2026-01-21 22:39:46,307 - __main__ - INFO - Ciclos: 1
2026-01-21 22:39:46,307 - __main__ - INFO - Intervalo: 1s
2026-01-21 22:39:46,307 - __main__ - INFO - ================================================================================
2026-01-21 22:39:46,307 - __main__ - INFO - ================================================================================
2026-01-21 22:39:46,307 - __main__ - INFO - 🔄 CICLO #1
2026-01-21 22:39:46,307 - __main__ - INFO - ================================================================================
2026-01-21 22:39:46,307 - __main__ - INFO - [1] 📥 Ingiriendo datos...
2026-01-21 22:39:46,307 - __main__ - ERROR - ❌ Error en ciclo #1: 'DataIngestion' object has no attribute 'run_ingestion_cycle'
2026-01-21 22:39:46,308 - __main__ - ERROR - Traceback completo:
Traceback (most recent call last):
  File "/home/runner/work/mi-proyecto/mi-proyecto/main.py", line 334, in run_single_cycle
    self.data_ingestion.run_ingestion_cycle()
    ^^^^^^^^^^^^^^^^^^^^^^^^^^^^^^^^^^^^^^^
AttributeError: 'DataIngestion' object has no attribute 'run_ingestion_cycle'
2026-01-21 22:39:46,308 - __main__ - INFO - ================================================================================
2026-01-21 22:39:46,308 - __main__ - INFO - 📊 SESIÓN FINALIZADA
2026-01-21 22:39:46,309 - __main__ - INFO - ================================================================================
2026-01-21 22:39:46,309 - __main__ - INFO - ✅ Ciclos exitosos: 0
2026-01-21 22:39:46,309 - __main__ - INFO - ❌ Ciclos fallidos: 1
2026-01-21 22:39:46,309 - __main__ - INFO - 📈 Tasa de éxito: 0.0%
2026-01-21 22:39:46,309 - __main__ - INFO - 
📋 Generando reportes finales...
2026-01-21 22:39:46,309 - shared.core.monitoring.system_reporter - INFO - 📊 Generando reporte diario...
2026-01-21 22:39:46,309 - shared.core.monitoring.system_reporter - INFO - Reporte JSON generado: data/reports/daily_report_20260121.json
2026-01-21 22:39:46,309 - shared.core.monitoring.system_reporter - INFO - Reporte HTML generado: data/reports/daily_report_20260121.html
2026-01-21 22:39:46,309 - shared.core.monitoring.system_reporter - INFO - ✅ Reporte diario generado: data/reports/daily_report_20260121.json
2026-01-21 22:39:46,310 - __main__ - INFO - ✅ Reporte diario: data/reports/daily_report_20260121.json
2026-01-21 22:39:46,310 - shared.core.monitoring.system_reporter - INFO - 📊 Exportando trades a CSV...
2026-01-21 22:39:46,310 - shared.core.monitoring.system_reporter - WARNING - No hay trades para exportar
2026-01-21 22:39:46,310 - __main__ - INFO - 
================================================================================
2026-01-21 22:39:46,310 - __main__ - INFO - 📊 ESTADÍSTICAS FINALES
2026-01-21 22:39:46,310 - __main__ - INFO - ================================================================================
2026-01-21 22:39:46,310 - __main__ - INFO - Ciclos completados: 0
2026-01-21 22:39:46,310 - __main__ - INFO - Capital inicial: $10,000.00
2026-01-21 22:39:46,310 - __main__ - INFO - Capital actual: $10,000.00
2026-01-21 22:39:46,310 - __main__ - INFO - PnL total: $0.00
2026-01-21 22:39:46,310 - __main__ - INFO - Retorno: 0.00%
2026-01-21 22:39:46,310 - __main__ - INFO - Drawdown actual: 0.00%
2026-01-21 22:39:46,310 - __main__ - INFO - Posiciones abiertas: 0
2026-01-21 22:39:46,310 - __main__ - INFO - Órdenes totales: 0
2026-01-21 22:39:46,310 - __main__ - INFO - Órdenes exitosas: 0
2026-01-21 22:39:46,310 - __main__ - INFO - Tasa de éxito órdenes: 0.0%
2026-01-21 22:39:46,310 - __main__ - INFO - ================================================================================
2026-01-21 22:39:46,310 - __main__ - INFO - 🛑 CERRANDO SISTEMA
2026-01-21 22:39:46,310 - __main__ - INFO - ================================================================================
2026-01-21 22:39:46,310 - __main__ - INFO - ✅ Sistema cerrado correctamente
2026-01-21 22:40:59,292 - __main__ - INFO - ================================================================================
2026-01-21 22:40:59,292 - __main__ - INFO - 🚀 INICIALIZANDO QUANT TRADING SYSTEM
2026-01-21 22:40:59,292 - __main__ - INFO - ================================================================================
2026-01-21 22:40:59,292 - __main__ - INFO - 🔐 Inicializando CredentialVault...
2026-01-21 22:40:59,349 - __main__ - INFO - ✅ CredentialVault listo
2026-01-21 22:40:59,349 - __main__ - INFO - 📊 Inicializando DataManager...
2026-01-21 22:40:59,350 - root - INFO - ✓ Tablas de base de datos creadas/verificadas
2026-01-21 22:40:59,350 - root - INFO - ✓ DataManager inicializado: data/db/market_data.db
2026-01-21 22:40:59,350 - __main__ - INFO - ✅ DataManager listo
2026-01-21 22:40:59,350 - __main__ - INFO - 📥 Inicializando DataIngestion...
2026-01-21 22:40:59,350 - shared.core.data.data_ingestion - INFO - Provider 'mock' added
2026-01-21 22:40:59,350 - shared.core.data.data_ingestion - INFO - DataIngestion initialized
2026-01-21 22:40:59,350 - __main__ - INFO - ✅ DataIngestion listo
2026-01-21 22:40:59,350 - __main__ - INFO - 🎯 Inicializando StrategyEngine...
2026-01-21 22:40:59,350 - shared.core.strategies.strategy_engine - INFO - Estrategia 'TrendFollowing' registrada
2026-01-21 22:40:59,350 - shared.core.strategies.strategy_engine - INFO - Estrategia 'MeanReversion' registrada
2026-01-21 22:40:59,350 - shared.core.strategies.strategy_engine - INFO - Estrategia 'Breakout' registrada
2026-01-21 22:40:59,350 - shared.core.strategies.strategy_engine - INFO - Estrategia 'Momentum' registrada
2026-01-21 22:40:59,350 - shared.core.strategies.strategy_engine - INFO - StrategyEngine inicializado con 3 assets
2026-01-21 22:40:59,350 - __main__ - INFO - ✅ StrategyEngine listo
2026-01-21 22:40:59,350 - __main__ - INFO - 📈 Inicializando MarketRegimeDetector...
2026-01-21 22:40:59,350 - shared.core.analysis.market_regime - INFO - MarketRegimeDetector inicializado
2026-01-21 22:40:59,350 - __main__ - INFO - ✅ MarketRegimeDetector listo
2026-01-21 22:40:59,350 - __main__ - INFO - 🛡️ Inicializando RiskManager...
2026-01-21 22:40:59,351 - shared.core.risk.risk_manager - INFO - Estado cargado: Capital $10,000.00
2026-01-21 22:40:59,351 - shared.core.risk.risk_manager - INFO - RiskManager inicializado con capital: $10,000.00
2026-01-21 22:40:59,351 - __main__ - INFO - ✅ RiskManager listo
2026-01-21 22:40:59,351 - __main__ - INFO - 🧠 Inicializando AdaptiveStrategyManager...
2026-01-21 22:40:59,351 - shared.core.strategies.adaptive_strategy_manager - INFO - Estado adaptativo cargado
2026-01-21 22:40:59,351 - shared.core.strategies.adaptive_strategy_manager - INFO - AdaptiveStrategyManager inicializado
2026-01-21 22:40:59,351 - __main__ - INFO - ✅ AdaptiveStrategyManager listo
2026-01-21 22:40:59,351 - __main__ - INFO - 🏦 Inicializando Brokers...
2026-01-21 22:40:59,351 - shared.core.brokers.brokers - INFO - Broker MockBroker inicializado
2026-01-21 22:40:59,351 - shared.core.brokers.brokers - INFO - ✅ MockBroker inicializado
2026-01-21 22:40:59,351 - __main__ - INFO - ✅ MockBroker inicializado (Paper Trading)
2026-01-21 22:40:59,351 - shared.core.execution.execution_interface - INFO - ExecutionInterface inicializado en modo paper
2026-01-21 22:40:59,351 - shared.core.execution.execution_interface - INFO - Brokers disponibles: ['MockBroker']
2026-01-21 22:40:59,351 - __main__ - INFO - ✅ Execution Interface listo
2026-01-21 22:40:59,351 - __main__ - INFO - 🤖 Inicializando AI Auditor...
2026-01-21 22:40:59,351 - shared.core.ai.ai_auditor - INFO - AIAuditor inicializado (AI: False)
2026-01-21 22:40:59,351 - __main__ - INFO - ✅ AI Auditor listo
2026-01-21 22:40:59,351 - __main__ - INFO - 📋 Inicializando SystemReporter...
2026-01-21 22:40:59,351 - shared.core.monitoring.system_reporter - INFO - SystemReporter inicializado
2026-01-21 22:40:59,352 - __main__ - INFO - ✅ SystemReporter listo
2026-01-21 22:40:59,352 - __main__ - INFO - ================================================================================
2026-01-21 22:40:59,352 - __main__ - INFO - ✅ SISTEMA COMPLETAMENTE INICIALIZADO
2026-01-21 22:40:59,352 - __main__ - INFO - ================================================================================
2026-01-21 22:40:59,352 - __main__ - INFO - ================================================================================
2026-01-21 22:40:59,352 - __main__ - INFO - 🚀 INICIANDO SISTEMA DE TRADING
2026-01-21 22:40:59,352 - __main__ - INFO - Modo: PAPER
2026-01-21 22:40:59,352 - __main__ - INFO - Capital inicial: $10,000.00
2026-01-21 22:40:59,352 - __main__ - INFO - Ciclos: 1
2026-01-21 22:40:59,352 - __main__ - INFO - Intervalo: 1s
2026-01-21 22:40:59,352 - __main__ - INFO - ================================================================================
2026-01-21 22:40:59,352 - __main__ - INFO - ================================================================================
2026-01-21 22:40:59,352 - __main__ - INFO - 🔄 CICLO #1
2026-01-21 22:40:59,352 - __main__ - INFO - ================================================================================
2026-01-21 22:40:59,352 - __main__ - INFO - [1] 📥 Ingiriendo datos...
2026-01-21 22:40:59,352 - __main__ - ERROR - ❌ Error en ciclo #1: 'DataIngestion' object has no attribute 'run_ingestion_cycle'
2026-01-21 22:40:59,352 - __main__ - ERROR - Traceback completo:
Traceback (most recent call last):
  File "/home/runner/work/mi-proyecto/mi-proyecto/main.py", line 334, in run_single_cycle
    self.data_ingestion.run_ingestion_cycle()
    ^^^^^^^^^^^^^^^^^^^^^^^^^^^^^^^^^^^^^^^
AttributeError: 'DataIngestion' object has no attribute 'run_ingestion_cycle'
2026-01-21 22:40:59,353 - __main__ - INFO - ================================================================================
2026-01-21 22:40:59,353 - __main__ - INFO - 📊 SESIÓN FINALIZADA
2026-01-21 22:40:59,353 - __main__ - INFO - ================================================================================
2026-01-21 22:40:59,353 - __main__ - INFO - ✅ Ciclos exitosos: 0
2026-01-21 22:40:59,353 - __main__ - INFO - ❌ Ciclos fallidos: 1
2026-01-21 22:40:59,353 - __main__ - INFO - 📈 Tasa de éxito: 0.0%
2026-01-21 22:40:59,353 - __main__ - INFO - 
📋 Generando reportes finales...
2026-01-21 22:40:59,353 - shared.core.monitoring.system_reporter - INFO - 📊 Generando reporte diario...
2026-01-21 22:40:59,354 - shared.core.monitoring.system_reporter - INFO - Reporte JSON generado: data/reports/daily_report_20260121.json
2026-01-21 22:40:59,354 - shared.core.monitoring.system_reporter - INFO - Reporte HTML generado: data/reports/daily_report_20260121.html
2026-01-21 22:40:59,354 - shared.core.monitoring.system_reporter - INFO - ✅ Reporte diario generado: data/reports/daily_report_20260121.json
2026-01-21 22:40:59,354 - __main__ - INFO - ✅ Reporte diario: data/reports/daily_report_20260121.json
2026-01-21 22:40:59,354 - shared.core.monitoring.system_reporter - INFO - 📊 Exportando trades a CSV...
2026-01-21 22:40:59,354 - shared.core.monitoring.system_reporter - WARNING - No hay trades para exportar
2026-01-21 22:40:59,354 - __main__ - INFO - 
================================================================================
2026-01-21 22:40:59,354 - __main__ - INFO - 📊 ESTADÍSTICAS FINALES
2026-01-21 22:40:59,354 - __main__ - INFO - ================================================================================
2026-01-21 22:40:59,354 - __main__ - INFO - Ciclos completados: 0
2026-01-21 22:40:59,354 - __main__ - INFO - Capital inicial: $10,000.00
2026-01-21 22:40:59,354 - __main__ - INFO - Capital actual: $10,000.00
2026-01-21 22:40:59,354 - __main__ - INFO - PnL total: $0.00
2026-01-21 22:40:59,354 - __main__ - INFO - Retorno: 0.00%
2026-01-21 22:40:59,354 - __main__ - INFO - Drawdown actual: 0.00%
2026-01-21 22:40:59,354 - __main__ - INFO - Posiciones abiertas: 0
2026-01-21 22:40:59,355 - __main__ - INFO - Órdenes totales: 0
2026-01-21 22:40:59,355 - __main__ - INFO - Órdenes exitosas: 0
2026-01-21 22:40:59,355 - __main__ - INFO - Tasa de éxito órdenes: 0.0%
2026-01-21 22:40:59,355 - __main__ - INFO - ================================================================================
2026-01-21 22:40:59,355 - __main__ - INFO - 🛑 CERRANDO SISTEMA
2026-01-21 22:40:59,355 - __main__ - INFO - ================================================================================
2026-01-21 22:40:59,355 - __main__ - INFO - ✅ Sistema cerrado correctamente
2026-01-21 22:42:47,080 - __main__ - INFO - ================================================================================
2026-01-21 22:42:47,080 - __main__ - INFO - 🚀 INICIALIZANDO QUANT TRADING SYSTEM
2026-01-21 22:42:47,080 - __main__ - INFO - ================================================================================
2026-01-21 22:42:47,080 - __main__ - INFO - 🔐 Inicializando CredentialVault...
2026-01-21 22:42:47,137 - __main__ - INFO - ✅ CredentialVault listo
2026-01-21 22:42:47,137 - __main__ - INFO - 📊 Inicializando DataManager...
2026-01-21 22:42:47,138 - root - INFO - ✓ Tablas de base de datos creadas/verificadas
2026-01-21 22:42:47,138 - root - INFO - ✓ DataManager inicializado: data/db/market_data.db
2026-01-21 22:42:47,138 - __main__ - INFO - ✅ DataManager listo
2026-01-21 22:42:47,138 - __main__ - INFO - 📥 Inicializando DataIngestion...
2026-01-21 22:42:47,138 - shared.core.data.data_ingestion - INFO - Provider 'mock' added
2026-01-21 22:42:47,138 - shared.core.data.data_ingestion - INFO - DataIngestion initialized
2026-01-21 22:42:47,138 - __main__ - INFO - ✅ DataIngestion listo
2026-01-21 22:42:47,138 - __main__ - INFO - 🎯 Inicializando StrategyEngine...
2026-01-21 22:42:47,138 - shared.core.strategies.strategy_engine - INFO - Estrategia 'TrendFollowing' registrada
2026-01-21 22:42:47,138 - shared.core.strategies.strategy_engine - INFO - Estrategia 'MeanReversion' registrada
2026-01-21 22:42:47,138 - shared.core.strategies.strategy_engine - INFO - Estrategia 'Breakout' registrada
2026-01-21 22:42:47,139 - shared.core.strategies.strategy_engine - INFO - Estrategia 'Momentum' registrada
2026-01-21 22:42:47,139 - shared.core.strategies.strategy_engine - INFO - StrategyEngine inicializado con 3 assets
2026-01-21 22:42:47,139 - __main__ - INFO - ✅ StrategyEngine listo
2026-01-21 22:42:47,139 - __main__ - INFO - 📈 Inicializando MarketRegimeDetector...
2026-01-21 22:42:47,139 - shared.core.analysis.market_regime - INFO - MarketRegimeDetector inicializado
2026-01-21 22:42:47,139 - __main__ - INFO - ✅ MarketRegimeDetector listo
2026-01-21 22:42:47,139 - __main__ - INFO - 🛡️ Inicializando RiskManager...
2026-01-21 22:42:47,139 - shared.core.risk.risk_manager - INFO - Estado cargado: Capital $10,000.00
2026-01-21 22:42:47,139 - shared.core.risk.risk_manager - INFO - RiskManager inicializado con capital: $10,000.00
2026-01-21 22:42:47,139 - __main__ - INFO - ✅ RiskManager listo
2026-01-21 22:42:47,139 - __main__ - INFO - 🧠 Inicializando AdaptiveStrategyManager...
2026-01-21 22:42:47,139 - shared.core.strategies.adaptive_strategy_manager - INFO - Estado adaptativo cargado
2026-01-21 22:42:47,140 - shared.core.strategies.adaptive_strategy_manager - INFO - AdaptiveStrategyManager inicializado
2026-01-21 22:42:47,140 - __main__ - INFO - ✅ AdaptiveStrategyManager listo
2026-01-21 22:42:47,140 - __main__ - INFO - 🏦 Inicializando Brokers...
2026-01-21 22:42:47,140 - shared.core.brokers.brokers - INFO - Broker MockBroker inicializado
2026-01-21 22:42:47,140 - shared.core.brokers.brokers - INFO - ✅ MockBroker inicializado
2026-01-21 22:42:47,140 - __main__ - INFO - ✅ MockBroker inicializado (Paper Trading)
2026-01-21 22:42:47,140 - shared.core.execution.execution_interface - INFO - ExecutionInterface inicializado en modo paper
2026-01-21 22:42:47,140 - shared.core.execution.execution_interface - INFO - Brokers disponibles: ['MockBroker']
2026-01-21 22:42:47,140 - __main__ - INFO - ✅ Execution Interface listo
2026-01-21 22:42:47,140 - __main__ - INFO - 🤖 Inicializando AI Auditor...
2026-01-21 22:42:47,140 - shared.core.ai.ai_auditor - INFO - AIAuditor inicializado (AI: False)
2026-01-21 22:42:47,140 - __main__ - INFO - ✅ AI Auditor listo
2026-01-21 22:42:47,140 - __main__ - INFO - 📋 Inicializando SystemReporter...
2026-01-21 22:42:47,140 - shared.core.monitoring.system_reporter - INFO - SystemReporter inicializado
2026-01-21 22:42:47,141 - __main__ - INFO - ✅ SystemReporter listo
2026-01-21 22:42:47,141 - __main__ - INFO - ================================================================================
2026-01-21 22:42:47,141 - __main__ - INFO - ✅ SISTEMA COMPLETAMENTE INICIALIZADO
2026-01-21 22:42:47,141 - __main__ - INFO - ================================================================================
2026-01-21 22:42:47,141 - __main__ - INFO - ================================================================================
2026-01-21 22:42:47,141 - __main__ - INFO - 🚀 INICIANDO SISTEMA DE TRADING
2026-01-21 22:42:47,141 - __main__ - INFO - Modo: PAPER
2026-01-21 22:42:47,141 - __main__ - INFO - Capital inicial: $10,000.00
2026-01-21 22:42:47,141 - __main__ - INFO - Ciclos: 1
2026-01-21 22:42:47,141 - __main__ - INFO - Intervalo: 1s
2026-01-21 22:42:47,141 - __main__ - INFO - ================================================================================
2026-01-21 22:42:47,141 - __main__ - INFO - ================================================================================
2026-01-21 22:42:47,141 - __main__ - INFO - 🔄 CICLO #1
2026-01-21 22:42:47,141 - __main__ - INFO - ================================================================================
2026-01-21 22:42:47,141 - __main__ - INFO - [1] 📥 Ingiriendo datos...
2026-01-21 22:42:47,141 - __main__ - ERROR - ❌ Error en ciclo #1: 'DataIngestion' object has no attribute 'run_ingestion_cycle'
2026-01-21 22:42:47,141 - __main__ - ERROR - Traceback completo:
Traceback (most recent call last):
  File "/home/runner/work/mi-proyecto/mi-proyecto/main.py", line 336, in run_single_cycle
    self.data_ingestion.run_ingestion_cycle()
    ^^^^^^^^^^^^^^^^^^^^^^^^^^^^^^^^^^^^^^^
AttributeError: 'DataIngestion' object has no attribute 'run_ingestion_cycle'
2026-01-21 22:42:47,142 - __main__ - INFO - ================================================================================
2026-01-21 22:42:47,142 - __main__ - INFO - 📊 SESIÓN FINALIZADA
2026-01-21 22:42:47,142 - __main__ - INFO - ================================================================================
2026-01-21 22:42:47,142 - __main__ - INFO - ✅ Ciclos exitosos: 0
2026-01-21 22:42:47,142 - __main__ - INFO - ❌ Ciclos fallidos: 1
2026-01-21 22:42:47,142 - __main__ - INFO - 📈 Tasa de éxito: 0.0%
2026-01-21 22:42:47,142 - __main__ - INFO - 
📋 Generando reportes finales...
2026-01-21 22:42:47,142 - shared.core.monitoring.system_reporter - INFO - 📊 Generando reporte diario...
2026-01-21 22:42:47,143 - shared.core.monitoring.system_reporter - INFO - Reporte JSON generado: data/reports/daily_report_20260121.json
2026-01-21 22:42:47,143 - shared.core.monitoring.system_reporter - INFO - Reporte HTML generado: data/reports/daily_report_20260121.html
2026-01-21 22:42:47,143 - shared.core.monitoring.system_reporter - INFO - ✅ Reporte diario generado: data/reports/daily_report_20260121.json
2026-01-21 22:42:47,143 - __main__ - INFO - ✅ Reporte diario: data/reports/daily_report_20260121.json
2026-01-21 22:42:47,143 - shared.core.monitoring.system_reporter - INFO - 📊 Exportando trades a CSV...
2026-01-21 22:42:47,143 - shared.core.monitoring.system_reporter - WARNING - No hay trades para exportar
2026-01-21 22:42:47,143 - __main__ - INFO - 
================================================================================
2026-01-21 22:42:47,143 - __main__ - INFO - 📊 ESTADÍSTICAS FINALES
2026-01-21 22:42:47,143 - __main__ - INFO - ================================================================================
2026-01-21 22:42:47,143 - __main__ - INFO - Ciclos completados: 0
2026-01-21 22:42:47,143 - __main__ - INFO - Capital inicial: $10,000.00
2026-01-21 22:42:47,143 - __main__ - INFO - Capital actual: $10,000.00
2026-01-21 22:42:47,143 - __main__ - INFO - PnL total: $0.00
2026-01-21 22:42:47,143 - __main__ - INFO - Retorno: 0.00%
2026-01-21 22:42:47,143 - __main__ - INFO - Drawdown actual: 0.00%
2026-01-21 22:42:47,144 - __main__ - INFO - Posiciones abiertas: 0
2026-01-21 22:42:47,144 - __main__ - INFO - Órdenes totales: 0
2026-01-21 22:42:47,144 - __main__ - INFO - Órdenes exitosas: 0
2026-01-21 22:42:47,144 - __main__ - INFO - Tasa de éxito órdenes: 0.0%
2026-01-21 22:42:47,144 - __main__ - INFO - ================================================================================
2026-01-21 22:42:47,144 - __main__ - INFO - 🛑 CERRANDO SISTEMA
2026-01-21 22:42:47,144 - __main__ - INFO - ================================================================================
2026-01-21 22:42:47,144 - __main__ - INFO - ✅ Sistema cerrado correctamente
